<?xml version="1.0" encoding="UTF-8" ?>
<testsuite failures="0" time="0.518" errors="0" skipped="0" tests="9" name="com.springsource.petclinic.domain.VetIntegrationTest">
  <properties>
    <property name="java.runtime.name" value="Java(TM) SE Runtime Environment"/>
    <property name="sun.boot.library.path" value="C:\Program Files\Java\jdk1.6.0_24\jre\bin"/>
    <property name="java.vm.version" value="19.1-b02"/>
    <property name="java.vm.vendor" value="Sun Microsystems Inc."/>
    <property name="java.vendor.url" value="http://java.sun.com/"/>
    <property name="path.separator" value=";"/>
    <property name="java.vm.name" value="Java HotSpot(TM) 64-Bit Server VM"/>
    <property name="file.encoding.pkg" value="sun.io"/>
    <property name="user.country" value="US"/>
    <property name="sun.java.launcher" value="SUN_STANDARD"/>
    <property name="sun.os.patch.level" value="Service Pack 1"/>
    <property name="java.vm.specification.name" value="Java Virtual Machine Specification"/>
    <property name="user.dir" value="C:\dev\roo-proj\Spring-Roo-PetClinic-ExtJS"/>
    <property name="java.runtime.version" value="1.6.0_24-b07"/>
    <property name="java.awt.graphicsenv" value="sun.awt.Win32GraphicsEnvironment"/>
    <property name="basedir" value="C:\dev\roo-proj\Spring-Roo-PetClinic-ExtJS"/>
    <property name="java.endorsed.dirs" value="C:\Program Files\Java\jdk1.6.0_24\jre\lib\endorsed"/>
    <property name="os.arch" value="amd64"/>
    <property name="surefire.real.class.path" value="C:\Users\Tim\AppData\Local\Temp\surefirebooter6257120124433586489.jar"/>
    <property name="java.io.tmpdir" value="C:\Users\Tim\AppData\Local\Temp\"/>
    <property name="line.separator" value="
"/>
    <property name="java.vm.specification.vendor" value="Sun Microsystems Inc."/>
    <property name="user.variant" value=""/>
    <property name="os.name" value="Windows 7"/>
    <property name="sun.jnu.encoding" value="Cp1252"/>
    <property name="java.library.path" value="C:\Program Files\Java\jdk1.6.0_24\jre\bin;.;C:\Windows\Sun\Java\bin;C:\Windows\system32;C:\Windows;C:\Program Files\SlikSvn\bin\;C:\csvn\bin\;C:\csvn\Python25\;C:\dev\roo-1.1.5\bin;C:\Program Files\Java\jdk1.6.0_25\bin;C:\Windows\system32;C:\Windows;C:\Windows\System32\Wbem;C:\Windows\System32\WindowsPowerShell\v1.0\;C:\Program Files\Trend Micro\AMSP;C:\Program Files\TortoiseSVN\bin;C:\maven\apache-maven-2.2.1\bin;C:\Program Files (x86)\QuickTime\QTSystem\;C:\apache\apache-cxf-2.4.0\bin;C:\Program Files\TortoiseHg\;C:\Program Files\Mercurial;C:\Program Files (x86)\CVSNT\"/>
    <property name="surefire.test.class.path" value="C:\dev\roo-proj\Spring-Roo-PetClinic-ExtJS\target\test-classes;C:\dev\roo-proj\Spring-Roo-PetClinic-ExtJS\target\classes;C:\Users\Tim\.m2\repository\org\springframework\mobile\spring-mobile-device\1.0.0.M3\spring-mobile-device-1.0.0.M3.jar;C:\Users\Tim\.m2\repository\org\springframework\spring-webmvc\3.1.0.BUILD-SNAPSHOT\spring-webmvc-3.1.0.BUILD-SNAPSHOT.jar;C:\Users\Tim\.m2\repository\org\springframework\spring-asm\3.1.0.BUILD-SNAPSHOT\spring-asm-3.1.0.BUILD-SNAPSHOT.jar;C:\Users\Tim\.m2\repository\org\springframework\spring-beans\3.1.0.BUILD-SNAPSHOT\spring-beans-3.1.0.BUILD-SNAPSHOT.jar;C:\Users\Tim\.m2\repository\org\springframework\spring-core\3.1.0.BUILD-SNAPSHOT\spring-core-3.1.0.BUILD-SNAPSHOT.jar;C:\Users\Tim\.m2\repository\org\springframework\spring-context\3.1.0.BUILD-SNAPSHOT\spring-context-3.1.0.BUILD-SNAPSHOT.jar;C:\Users\Tim\.m2\repository\org\springframework\spring-aop\3.1.0.BUILD-SNAPSHOT\spring-aop-3.1.0.BUILD-SNAPSHOT.jar;C:\Users\Tim\.m2\repository\aopalliance\aopalliance\1.0\aopalliance-1.0.jar;C:\Users\Tim\.m2\repository\org\springframework\spring-expression\3.1.0.BUILD-SNAPSHOT\spring-expression-3.1.0.BUILD-SNAPSHOT.jar;C:\Users\Tim\.m2\repository\org\springframework\spring-context-support\3.1.0.BUILD-SNAPSHOT\spring-context-support-3.1.0.BUILD-SNAPSHOT.jar;C:\Users\Tim\.m2\repository\org\springframework\spring-web\3.1.0.BUILD-SNAPSHOT\spring-web-3.1.0.BUILD-SNAPSHOT.jar;C:\Users\Tim\.m2\repository\junit\junit\4.8.1\junit-4.8.1.jar;C:\Users\Tim\.m2\repository\log4j\log4j\1.2.16\log4j-1.2.16.jar;C:\Users\Tim\.m2\repository\org\slf4j\slf4j-api\1.5.6\slf4j-api-1.5.6.jar;C:\Users\Tim\.m2\repository\org\slf4j\jcl-over-slf4j\1.5.6\jcl-over-slf4j-1.5.6.jar;C:\Users\Tim\.m2\repository\org\slf4j\slf4j-log4j12\1.5.6\slf4j-log4j12-1.5.6.jar;C:\Users\Tim\.m2\repository\org\aspectj\aspectjrt\1.6.11.M1\aspectjrt-1.6.11.M1.jar;C:\Users\Tim\.m2\repository\org\aspectj\aspectjweaver\1.6.11.M1\aspectjweaver-1.6.11.M1.jar;C:\Users\Tim\.m2\repository\javax\servlet\servlet-api\2.5\servlet-api-2.5.jar;C:\Users\Tim\.m2\repository\net\sf\flexjson\flexjson\2.1\flexjson-2.1.jar;C:\Users\Tim\.m2\repository\org\springframework\roo\org.springframework.roo.annotations\1.1.5.RELEASE\org.springframework.roo.annotations-1.1.5.RELEASE.jar;C:\Users\Tim\.m2\repository\org\springframework\spring-test\3.1.0.BUILD-SNAPSHOT\spring-test-3.1.0.BUILD-SNAPSHOT.jar;C:\Users\Tim\.m2\repository\org\springframework\spring-aspects\3.1.0.BUILD-SNAPSHOT\spring-aspects-3.1.0.BUILD-SNAPSHOT.jar;C:\Users\Tim\.m2\repository\org\springframework\spring-tx\3.1.0.BUILD-SNAPSHOT\spring-tx-3.1.0.BUILD-SNAPSHOT.jar;C:\Users\Tim\.m2\repository\org\hsqldb\hsqldb\1.8.0.10\hsqldb-1.8.0.10.jar;C:\Users\Tim\.m2\repository\org\hibernate\hibernate-core\3.6.0.Final\hibernate-core-3.6.0.Final.jar;C:\Users\Tim\.m2\repository\antlr\antlr\2.7.6\antlr-2.7.6.jar;C:\Users\Tim\.m2\repository\commons-collections\commons-collections\3.1\commons-collections-3.1.jar;C:\Users\Tim\.m2\repository\dom4j\dom4j\1.6.1\dom4j-1.6.1.jar;C:\Users\Tim\.m2\repository\org\hibernate\hibernate-commons-annotations\3.2.0.Final\hibernate-commons-annotations-3.2.0.Final.jar;C:\Users\Tim\.m2\repository\org\hibernate\javax\persistence\hibernate-jpa-2.0-api\1.0.0.Final\hibernate-jpa-2.0-api-1.0.0.Final.jar;C:\Users\Tim\.m2\repository\javax\transaction\jta\1.1\jta-1.1.jar;C:\Users\Tim\.m2\repository\org\hibernate\hibernate-entitymanager\3.6.0.Final\hibernate-entitymanager-3.6.0.Final.jar;C:\Users\Tim\.m2\repository\javassist\javassist\3.12.0.GA\javassist-3.12.0.GA.jar;C:\Users\Tim\.m2\repository\org\hibernate\hibernate-validator\4.1.0.Final\hibernate-validator-4.1.0.Final.jar;C:\Users\Tim\.m2\repository\javax\validation\validation-api\1.0.0.GA\validation-api-1.0.0.GA.jar;C:\Users\Tim\.m2\repository\cglib\cglib-nodep\2.2\cglib-nodep-2.2.jar;C:\Users\Tim\.m2\repository\org\springframework\spring-jdbc\3.1.0.BUILD-SNAPSHOT\spring-jdbc-3.1.0.BUILD-SNAPSHOT.jar;C:\Users\Tim\.m2\repository\org\springframework\spring-orm\3.1.0.BUILD-SNAPSHOT\spring-orm-3.1.0.BUILD-SNAPSHOT.jar;C:\Users\Tim\.m2\repository\commons-pool\commons-pool\1.5.4\commons-pool-1.5.4.jar;C:\Users\Tim\.m2\repository\commons-dbcp\commons-dbcp\1.3\commons-dbcp-1.3.jar;C:\Users\Tim\.m2\repository\org\apache\tiles\tiles-core\2.2.2\tiles-core-2.2.2.jar;C:\Users\Tim\.m2\repository\org\apache\tiles\tiles-api\2.2.2\tiles-api-2.2.2.jar;C:\Users\Tim\.m2\repository\commons-digester\commons-digester\2.0\commons-digester-2.0.jar;C:\Users\Tim\.m2\repository\commons-beanutils\commons-beanutils\1.8.0\commons-beanutils-1.8.0.jar;C:\Users\Tim\.m2\repository\org\apache\tiles\tiles-jsp\2.2.2\tiles-jsp-2.2.2.jar;C:\Users\Tim\.m2\repository\org\apache\tiles\tiles-servlet\2.2.2\tiles-servlet-2.2.2.jar;C:\Users\Tim\.m2\repository\org\apache\tiles\tiles-template\2.2.2\tiles-template-2.2.2.jar;C:\Users\Tim\.m2\repository\org\apache\tiles\tiles-el\2.2.2\tiles-el-2.2.2.jar;C:\Users\Tim\.m2\repository\org\springframework\webflow\spring-js-resources\2.2.1.RELEASE\spring-js-resources-2.2.1.RELEASE.jar;C:\Users\Tim\.m2\repository\commons-fileupload\commons-fileupload\1.2.1\commons-fileupload-1.2.1.jar;C:\Users\Tim\.m2\repository\javax\servlet\jstl\1.2\jstl-1.2.jar;C:\Users\Tim\.m2\repository\javax\el\el-api\1.0\el-api-1.0.jar;C:\Users\Tim\.m2\repository\joda-time\joda-time\1.6\joda-time-1.6.jar;C:\Users\Tim\.m2\repository\javax\servlet\jsp\jsp-api\2.1\jsp-api-2.1.jar;C:\Users\Tim\.m2\repository\postgresql\postgresql\9.0-801.jdbc4\postgresql-9.0-801.jdbc4.jar;"/>
    <property name="java.specification.name" value="Java Platform API Specification"/>
    <property name="java.class.version" value="50.0"/>
    <property name="sun.management.compiler" value="HotSpot 64-Bit Server Compiler"/>
    <property name="os.version" value="6.1"/>
    <property name="user.home" value="C:\Users\Tim"/>
    <property name="user.timezone" value="America/Denver"/>
    <property name="java.awt.printerjob" value="sun.awt.windows.WPrinterJob"/>
    <property name="java.specification.version" value="1.6"/>
    <property name="file.encoding" value="Cp1252"/>
    <property name="user.name" value="Tim"/>
    <property name="java.class.path" value="C:\dev\roo-proj\Spring-Roo-PetClinic-ExtJS\target\test-classes;C:\dev\roo-proj\Spring-Roo-PetClinic-ExtJS\target\classes;C:\Users\Tim\.m2\repository\org\springframework\mobile\spring-mobile-device\1.0.0.M3\spring-mobile-device-1.0.0.M3.jar;C:\Users\Tim\.m2\repository\org\springframework\spring-webmvc\3.1.0.BUILD-SNAPSHOT\spring-webmvc-3.1.0.BUILD-SNAPSHOT.jar;C:\Users\Tim\.m2\repository\org\springframework\spring-asm\3.1.0.BUILD-SNAPSHOT\spring-asm-3.1.0.BUILD-SNAPSHOT.jar;C:\Users\Tim\.m2\repository\org\springframework\spring-beans\3.1.0.BUILD-SNAPSHOT\spring-beans-3.1.0.BUILD-SNAPSHOT.jar;C:\Users\Tim\.m2\repository\org\springframework\spring-core\3.1.0.BUILD-SNAPSHOT\spring-core-3.1.0.BUILD-SNAPSHOT.jar;C:\Users\Tim\.m2\repository\org\springframework\spring-context\3.1.0.BUILD-SNAPSHOT\spring-context-3.1.0.BUILD-SNAPSHOT.jar;C:\Users\Tim\.m2\repository\org\springframework\spring-aop\3.1.0.BUILD-SNAPSHOT\spring-aop-3.1.0.BUILD-SNAPSHOT.jar;C:\Users\Tim\.m2\repository\aopalliance\aopalliance\1.0\aopalliance-1.0.jar;C:\Users\Tim\.m2\repository\org\springframework\spring-expression\3.1.0.BUILD-SNAPSHOT\spring-expression-3.1.0.BUILD-SNAPSHOT.jar;C:\Users\Tim\.m2\repository\org\springframework\spring-context-support\3.1.0.BUILD-SNAPSHOT\spring-context-support-3.1.0.BUILD-SNAPSHOT.jar;C:\Users\Tim\.m2\repository\org\springframework\spring-web\3.1.0.BUILD-SNAPSHOT\spring-web-3.1.0.BUILD-SNAPSHOT.jar;C:\Users\Tim\.m2\repository\junit\junit\4.8.1\junit-4.8.1.jar;C:\Users\Tim\.m2\repository\log4j\log4j\1.2.16\log4j-1.2.16.jar;C:\Users\Tim\.m2\repository\org\slf4j\slf4j-api\1.5.6\slf4j-api-1.5.6.jar;C:\Users\Tim\.m2\repository\org\slf4j\jcl-over-slf4j\1.5.6\jcl-over-slf4j-1.5.6.jar;C:\Users\Tim\.m2\repository\org\slf4j\slf4j-log4j12\1.5.6\slf4j-log4j12-1.5.6.jar;C:\Users\Tim\.m2\repository\org\aspectj\aspectjrt\1.6.11.M1\aspectjrt-1.6.11.M1.jar;C:\Users\Tim\.m2\repository\org\aspectj\aspectjweaver\1.6.11.M1\aspectjweaver-1.6.11.M1.jar;C:\Users\Tim\.m2\repository\javax\servlet\servlet-api\2.5\servlet-api-2.5.jar;C:\Users\Tim\.m2\repository\net\sf\flexjson\flexjson\2.1\flexjson-2.1.jar;C:\Users\Tim\.m2\repository\org\springframework\roo\org.springframework.roo.annotations\1.1.5.RELEASE\org.springframework.roo.annotations-1.1.5.RELEASE.jar;C:\Users\Tim\.m2\repository\org\springframework\spring-test\3.1.0.BUILD-SNAPSHOT\spring-test-3.1.0.BUILD-SNAPSHOT.jar;C:\Users\Tim\.m2\repository\org\springframework\spring-aspects\3.1.0.BUILD-SNAPSHOT\spring-aspects-3.1.0.BUILD-SNAPSHOT.jar;C:\Users\Tim\.m2\repository\org\springframework\spring-tx\3.1.0.BUILD-SNAPSHOT\spring-tx-3.1.0.BUILD-SNAPSHOT.jar;C:\Users\Tim\.m2\repository\org\hsqldb\hsqldb\1.8.0.10\hsqldb-1.8.0.10.jar;C:\Users\Tim\.m2\repository\org\hibernate\hibernate-core\3.6.0.Final\hibernate-core-3.6.0.Final.jar;C:\Users\Tim\.m2\repository\antlr\antlr\2.7.6\antlr-2.7.6.jar;C:\Users\Tim\.m2\repository\commons-collections\commons-collections\3.1\commons-collections-3.1.jar;C:\Users\Tim\.m2\repository\dom4j\dom4j\1.6.1\dom4j-1.6.1.jar;C:\Users\Tim\.m2\repository\org\hibernate\hibernate-commons-annotations\3.2.0.Final\hibernate-commons-annotations-3.2.0.Final.jar;C:\Users\Tim\.m2\repository\org\hibernate\javax\persistence\hibernate-jpa-2.0-api\1.0.0.Final\hibernate-jpa-2.0-api-1.0.0.Final.jar;C:\Users\Tim\.m2\repository\javax\transaction\jta\1.1\jta-1.1.jar;C:\Users\Tim\.m2\repository\org\hibernate\hibernate-entitymanager\3.6.0.Final\hibernate-entitymanager-3.6.0.Final.jar;C:\Users\Tim\.m2\repository\javassist\javassist\3.12.0.GA\javassist-3.12.0.GA.jar;C:\Users\Tim\.m2\repository\org\hibernate\hibernate-validator\4.1.0.Final\hibernate-validator-4.1.0.Final.jar;C:\Users\Tim\.m2\repository\javax\validation\validation-api\1.0.0.GA\validation-api-1.0.0.GA.jar;C:\Users\Tim\.m2\repository\cglib\cglib-nodep\2.2\cglib-nodep-2.2.jar;C:\Users\Tim\.m2\repository\org\springframework\spring-jdbc\3.1.0.BUILD-SNAPSHOT\spring-jdbc-3.1.0.BUILD-SNAPSHOT.jar;C:\Users\Tim\.m2\repository\org\springframework\spring-orm\3.1.0.BUILD-SNAPSHOT\spring-orm-3.1.0.BUILD-SNAPSHOT.jar;C:\Users\Tim\.m2\repository\commons-pool\commons-pool\1.5.4\commons-pool-1.5.4.jar;C:\Users\Tim\.m2\repository\commons-dbcp\commons-dbcp\1.3\commons-dbcp-1.3.jar;C:\Users\Tim\.m2\repository\org\apache\tiles\tiles-core\2.2.2\tiles-core-2.2.2.jar;C:\Users\Tim\.m2\repository\org\apache\tiles\tiles-api\2.2.2\tiles-api-2.2.2.jar;C:\Users\Tim\.m2\repository\commons-digester\commons-digester\2.0\commons-digester-2.0.jar;C:\Users\Tim\.m2\repository\commons-beanutils\commons-beanutils\1.8.0\commons-beanutils-1.8.0.jar;C:\Users\Tim\.m2\repository\org\apache\tiles\tiles-jsp\2.2.2\tiles-jsp-2.2.2.jar;C:\Users\Tim\.m2\repository\org\apache\tiles\tiles-servlet\2.2.2\tiles-servlet-2.2.2.jar;C:\Users\Tim\.m2\repository\org\apache\tiles\tiles-template\2.2.2\tiles-template-2.2.2.jar;C:\Users\Tim\.m2\repository\org\apache\tiles\tiles-el\2.2.2\tiles-el-2.2.2.jar;C:\Users\Tim\.m2\repository\org\springframework\webflow\spring-js-resources\2.2.1.RELEASE\spring-js-resources-2.2.1.RELEASE.jar;C:\Users\Tim\.m2\repository\commons-fileupload\commons-fileupload\1.2.1\commons-fileupload-1.2.1.jar;C:\Users\Tim\.m2\repository\javax\servlet\jstl\1.2\jstl-1.2.jar;C:\Users\Tim\.m2\repository\javax\el\el-api\1.0\el-api-1.0.jar;C:\Users\Tim\.m2\repository\joda-time\joda-time\1.6\joda-time-1.6.jar;C:\Users\Tim\.m2\repository\javax\servlet\jsp\jsp-api\2.1\jsp-api-2.1.jar;C:\Users\Tim\.m2\repository\postgresql\postgresql\9.0-801.jdbc4\postgresql-9.0-801.jdbc4.jar;"/>
    <property name="java.vm.specification.version" value="1.0"/>
    <property name="sun.arch.data.model" value="64"/>
    <property name="java.home" value="C:\Program Files\Java\jdk1.6.0_24\jre"/>
    <property name="java.specification.vendor" value="Sun Microsystems Inc."/>
    <property name="user.language" value="en"/>
    <property name="awt.toolkit" value="sun.awt.windows.WToolkit"/>
    <property name="java.vm.info" value="mixed mode"/>
    <property name="java.version" value="1.6.0_24"/>
    <property name="java.ext.dirs" value="C:\Program Files\Java\jdk1.6.0_24\jre\lib\ext;C:\Windows\Sun\Java\lib\ext"/>
    <property name="sun.boot.class.path" value="C:\Program Files\Java\jdk1.6.0_24\jre\lib\resources.jar;C:\Program Files\Java\jdk1.6.0_24\jre\lib\rt.jar;C:\Program Files\Java\jdk1.6.0_24\jre\lib\sunrsasign.jar;C:\Program Files\Java\jdk1.6.0_24\jre\lib\jsse.jar;C:\Program Files\Java\jdk1.6.0_24\jre\lib\jce.jar;C:\Program Files\Java\jdk1.6.0_24\jre\lib\charsets.jar;C:\Program Files\Java\jdk1.6.0_24\jre\lib\modules\jdk.boot.jar;C:\Program Files\Java\jdk1.6.0_24\jre\classes"/>
    <property name="java.vendor" value="Sun Microsystems Inc."/>
    <property name="localRepository" value="C:/Users/Tim/.m2/repository"/>
    <property name="file.separator" value="\"/>
    <property name="java.vendor.url.bug" value="http://java.sun.com/cgi-bin/bugreport.cgi"/>
    <property name="sun.cpu.endian" value="little"/>
    <property name="sun.io.unicode.encoding" value="UnicodeLittle"/>
    <property name="sun.desktop" value="windows"/>
    <property name="sun.cpu.isalist" value="amd64"/>
  </properties>
  <testcase time="0.01" classname="com.springsource.petclinic.domain.VetIntegrationTest" name="testMarkerMethod"/>
  <testcase time="0.065" classname="com.springsource.petclinic.domain.VetIntegrationTest" name="testFlush"/>
  <testcase time="0.022" classname="com.springsource.petclinic.domain.VetIntegrationTest" name="testMerge"/>
  <testcase time="0.13" classname="com.springsource.petclinic.domain.VetIntegrationTest" name="testPersist"/>
  <testcase time="0.045" classname="com.springsource.petclinic.domain.VetIntegrationTest" name="testRemove"/>
  <testcase time="0.03" classname="com.springsource.petclinic.domain.VetIntegrationTest" name="testCountVets"/>
  <testcase time="0.11" classname="com.springsource.petclinic.domain.VetIntegrationTest" name="testFindVet"/>
  <testcase time="0.035" classname="com.springsource.petclinic.domain.VetIntegrationTest" name="testFindAllVets"/>
  <testcase time="0.068" classname="com.springsource.petclinic.domain.VetIntegrationTest" name="testFindVetEntries"/>
</testsuite>